<?xml version="1.0" encoding="UTF-8"?>
<!-- Generated by org.testng.reporters.JUnitXMLReporter -->
<testsuite ignored="0" hostname="Mohamed-Derbala-LP" failures="0" tests="8" name="Test" time="355.404" errors="0" timestamp="2024-06-30T00:52:47 EEST">
  <testcase classname="tests.UserLoginTest" name="userCanLoginSuccessfully" time="16.851"/>
  <testcase classname="tests.AhdafBSCsStructureIsDisplayedInHomePageTest" name="userCanGenerateSummaryStrategicPerformanceReportSuccessfully" time="27.95"/>
  <testcase classname="tests.DataOfIntermediateResultsMasterDashboardDisplayedTest" name="userCanGenerateSummaryStrategicPerformanceReportSuccessfully" time="37.645"/>
  <testcase classname="tests.DataOfMasterDashboardDisplayedTest" name="userCanGenerateSummaryStrategicPerformanceReportSuccessfully" time="37.608"/>
  <testcase classname="tests.InitiativesGridIsDisplayedInRootBSCTest" name="userCanGenerateSummaryStrategicPerformanceReportSuccessfully" time="23.912"/>
  <testcase classname="tests.KPIsGridIsDisplayedInRootBSCTest" name="userCanGenerateSummaryStrategicPerformanceReportSuccessfully" time="75.753"/>
  <testcase classname="tests.StandaloneInitiativesGridIsDisplayedTest" name="StandaloneInitiativesGridIsDisplayedTestSuccessfully" time="42.744"/>
  <testcase classname="tests.StandaloneKPIsGridIsDisplayedTest" name="StandaloneKPIsGridIsDisplayedTestSuccessfully" time="44.141"/>
</testsuite> <!-- Test -->
