<?xml version="1.0" encoding="UTF-8"?>
<testng-results ignored="0" total="1" passed="1" failed="0" skipped="0">
  <reporter-output>
  </reporter-output>
  <suite started-at="2024-06-30T00:37:15 EEST" name="Default suite" finished-at="2024-06-30T00:38:18 EEST" duration-ms="62482">
    <groups>
    </groups>
    <test started-at="2024-06-30T00:37:15 EEST" name="Default test" finished-at="2024-06-30T00:38:18 EEST" duration-ms="62482">
      <class name="tests.StandaloneKPIsGridIsDisplayedTest">
        <test-method is-config="true" signature="startDriver()[pri:0, instance:tests.StandaloneKPIsGridIsDisplayedTest@313ac989]" started-at="2024-06-30T00:37:15 EEST" name="startDriver" finished-at="2024-06-30T00:37:21 EEST" duration-ms="6055" status="PASS">
          <reporter-output>
          </reporter-output>
        </test-method> <!-- startDriver -->
        <test-method signature="StandaloneKPIsGridIsDisplayedTestSuccessfully()[pri:0, instance:tests.StandaloneKPIsGridIsDisplayedTest@313ac989]" started-at="2024-06-30T00:37:21 EEST" name="StandaloneKPIsGridIsDisplayedTestSuccessfully" finished-at="2024-06-30T00:38:17 EEST" duration-ms="56095" status="PASS">
          <reporter-output>
          </reporter-output>
        </test-method> <!-- StandaloneKPIsGridIsDisplayedTestSuccessfully -->
        <test-method is-config="true" signature="stopDriver()[pri:0, instance:tests.StandaloneKPIsGridIsDisplayedTest@313ac989]" started-at="2024-06-30T00:38:17 EEST" name="stopDriver" finished-at="2024-06-30T00:38:18 EEST" duration-ms="275" status="PASS">
          <reporter-output>
          </reporter-output>
        </test-method> <!-- stopDriver -->
      </class> <!-- tests.StandaloneKPIsGridIsDisplayedTest -->
    </test> <!-- Default test -->
  </suite> <!-- Default suite -->
</testng-results>
